<?xml version="1.0" encoding="UTF-8"?>
<testng-results ignored="8" total="9" passed="1" failed="0" skipped="0">
  <reporter-output>
  </reporter-output>
  <suite started-at="2023-02-15T07:21:11Z" name="Default suite" finished-at="2023-02-15T07:21:15Z" duration-ms="3750">
    <groups>
    </groups>
    <test started-at="2023-02-15T07:21:11Z" name="Default test" finished-at="2023-02-15T07:21:15Z" duration-ms="3750">
      <class name="com.employeeapi.testCases.TC001_Get_All_Employees">
        <test-method is-config="true" signature="setup()[pri:0, instance:com.employeeapi.testCases.TC001_Get_All_Employees@600b9d27]" started-at="2023-02-15T07:21:11Z" name="setup" finished-at="2023-02-15T07:21:12Z" duration-ms="192" status="PASS">
          <reporter-output>
          </reporter-output>
        </test-method> <!-- setup -->
        <test-method is-config="true" signature="getAllEmployees()[pri:0, instance:com.employeeapi.testCases.TC001_Get_All_Employees@600b9d27]" started-at="2023-02-15T07:21:12Z" name="getAllEmployees" finished-at="2023-02-15T07:21:15Z" duration-ms="3509" status="PASS">
          <reporter-output>
          </reporter-output>
        </test-method> <!-- getAllEmployees -->
        <test-method signature="checkResponseTime()[pri:0, instance:com.employeeapi.testCases.TC001_Get_All_Employees@600b9d27]" started-at="2023-02-15T07:21:15Z" name="checkResponseTime" finished-at="2023-02-15T07:21:15Z" duration-ms="19" status="PASS">
          <reporter-output>
          </reporter-output>
        </test-method> <!-- checkResponseTime -->
        <test-method is-config="true" signature="tearDown()[pri:0, instance:com.employeeapi.testCases.TC001_Get_All_Employees@600b9d27]" started-at="2023-02-15T07:21:15Z" name="tearDown" finished-at="2023-02-15T07:21:15Z" duration-ms="2" status="PASS">
          <reporter-output>
          </reporter-output>
        </test-method> <!-- tearDown -->
      </class> <!-- com.employeeapi.testCases.TC001_Get_All_Employees -->
    </test> <!-- Default test -->
  </suite> <!-- Default suite -->
</testng-results>
